\BOOKMARK [0][-]{chapter.1}{\376\377\0001\000\040\000N\000a\000m\000e\000s\000p\000a\000c\000e\000\040\000I\000n\000d\000e\000x}{}% 1
\BOOKMARK [1][-]{section.1.1}{\376\377\0001\000.\0001\000\040\000N\000a\000m\000e\000s\000p\000a\000c\000e\000\040\000L\000i\000s\000t}{chapter.1}% 2
\BOOKMARK [0][-]{chapter.2}{\376\377\0002\000\040\000C\000l\000a\000s\000s\000\040\000I\000n\000d\000e\000x}{}% 3
\BOOKMARK [1][-]{section.2.1}{\376\377\0002\000.\0001\000\040\000C\000l\000a\000s\000s\000\040\000L\000i\000s\000t}{chapter.2}% 4
\BOOKMARK [0][-]{chapter.3}{\376\377\0003\000\040\000F\000i\000l\000e\000\040\000I\000n\000d\000e\000x}{}% 5
\BOOKMARK [1][-]{section.3.1}{\376\377\0003\000.\0001\000\040\000F\000i\000l\000e\000\040\000L\000i\000s\000t}{chapter.3}% 6
\BOOKMARK [0][-]{chapter.4}{\376\377\0004\000\040\000N\000a\000m\000e\000s\000p\000a\000c\000e\000\040\000D\000o\000c\000u\000m\000e\000n\000t\000a\000t\000i\000o\000n}{}% 7
\BOOKMARK [1][-]{section.4.1}{\376\377\0004\000.\0001\000\040\000G\000U\000I\000\040\000N\000a\000m\000e\000s\000p\000a\000c\000e\000\040\000R\000e\000f\000e\000r\000e\000n\000c\000e}{chapter.4}% 8
\BOOKMARK [1][-]{section.4.2}{\376\377\0004\000.\0002\000\040\000O\000b\000s\000t\000a\000c\000l\000e\000D\000a\000t\000a\000T\000a\000b\000l\000e\000s\000\040\000N\000a\000m\000e\000s\000p\000a\000c\000e\000\040\000R\000e\000f\000e\000r\000e\000n\000c\000e}{chapter.4}% 9
\BOOKMARK [2][-]{subsection.4.2.1}{\376\377\0004\000.\0002\000.\0001\000\040\000V\000a\000r\000i\000a\000b\000l\000e\000\040\000D\000o\000c\000u\000m\000e\000n\000t\000a\000t\000i\000o\000n}{section.4.2}% 10
\BOOKMARK [3][-]{subsubsection.4.2.1.1}{\376\377\0004\000.\0002\000.\0001\000.\0001\000\040\000d\000a\000t\000a}{subsection.4.2.1}% 11
\BOOKMARK [0][-]{chapter.5}{\376\377\0005\000\040\000C\000l\000a\000s\000s\000\040\000D\000o\000c\000u\000m\000e\000n\000t\000a\000t\000i\000o\000n}{}% 12
\BOOKMARK [1][-]{section.5.1}{\376\377\0005\000.\0001\000\040\000C\000h\000a\000r\000a\000c\000t\000e\000r\000M\000o\000v\000e\000r\000\040\000S\000t\000r\000u\000c\000t\000\040\000R\000e\000f\000e\000r\000e\000n\000c\000e}{chapter.5}% 13
\BOOKMARK [2][-]{subsection.5.1.1}{\376\377\0005\000.\0001\000.\0001\000\040\000D\000e\000t\000a\000i\000l\000e\000d\000\040\000D\000e\000s\000c\000r\000i\000p\000t\000i\000o\000n}{section.5.1}% 14
\BOOKMARK [2][-]{subsection.5.1.2}{\376\377\0005\000.\0001\000.\0002\000\040\000C\000o\000n\000s\000t\000r\000u\000c\000t\000o\000r\000\040\000\046\000\040\000D\000e\000s\000t\000r\000u\000c\000t\000o\000r\000\040\000D\000o\000c\000u\000m\000e\000n\000t\000a\000t\000i\000o\000n}{section.5.1}% 15
\BOOKMARK [3][-]{subsubsection.5.1.2.1}{\376\377\0005\000.\0001\000.\0002\000.\0001\000\040\000C\000h\000a\000r\000a\000c\000t\000e\000r\000M\000o\000v\000e\000r\000\050\000\051}{subsection.5.1.2}% 16
\BOOKMARK [2][-]{subsection.5.1.3}{\376\377\0005\000.\0001\000.\0003\000\040\000M\000e\000m\000b\000e\000r\000\040\000F\000u\000n\000c\000t\000i\000o\000n\000\040\000D\000o\000c\000u\000m\000e\000n\000t\000a\000t\000i\000o\000n}{section.5.1}% 17
\BOOKMARK [3][-]{subsubsection.5.1.3.1}{\376\377\0005\000.\0001\000.\0003\000.\0001\000\040\000o\000p\000e\000r\000a\000t\000o\000r\000\050\000\051\000\050\000\051}{subsection.5.1.3}% 18
\BOOKMARK [2][-]{subsection.5.1.4}{\376\377\0005\000.\0001\000.\0004\000\040\000M\000e\000m\000b\000e\000r\000\040\000D\000a\000t\000a\000\040\000D\000o\000c\000u\000m\000e\000n\000t\000a\000t\000i\000o\000n}{section.5.1}% 19
\BOOKMARK [3][-]{subsubsection.5.1.4.1}{\376\377\0005\000.\0001\000.\0004\000.\0001\000\040\000v\000e\000l\000o\000c\000i\000t\000y}{subsection.5.1.4}% 20
\BOOKMARK [0][-]{chapter.6}{\376\377\0006\000\040\000F\000i\000l\000e\000\040\000D\000o\000c\000u\000m\000e\000n\000t\000a\000t\000i\000o\000n}{}% 21
\BOOKMARK [1][-]{section.6.1}{\376\377\0006\000.\0001\000\040\000S\000o\000u\000r\000c\000e\000/\000A\000n\000i\000m\000a\000t\000i\000o\000n\000.\000c\000p\000p\000\040\000F\000i\000l\000e\000\040\000R\000e\000f\000e\000r\000e\000n\000c\000e}{chapter.6}% 22
\BOOKMARK [1][-]{section.6.2}{\376\377\0006\000.\0002\000\040\000A\000n\000i\000m\000a\000t\000i\000o\000n\000.\000c\000p\000p}{chapter.6}% 23
\BOOKMARK [1][-]{section.6.3}{\376\377\0006\000.\0003\000\040\000S\000o\000u\000r\000c\000e\000/\000A\000p\000p\000l\000i\000c\000a\000t\000i\000o\000n\000.\000c\000p\000p\000\040\000F\000i\000l\000e\000\040\000R\000e\000f\000e\000r\000e\000n\000c\000e}{chapter.6}% 24
\BOOKMARK [1][-]{section.6.4}{\376\377\0006\000.\0004\000\040\000A\000p\000p\000l\000i\000c\000a\000t\000i\000o\000n\000.\000c\000p\000p}{chapter.6}% 25
\BOOKMARK [1][-]{section.6.5}{\376\377\0006\000.\0005\000\040\000S\000o\000u\000r\000c\000e\000/\000B\000u\000t\000t\000o\000n\000.\000c\000p\000p\000\040\000F\000i\000l\000e\000\040\000R\000e\000f\000e\000r\000e\000n\000c\000e}{chapter.6}% 26
\BOOKMARK [1][-]{section.6.6}{\376\377\0006\000.\0006\000\040\000B\000u\000t\000t\000o\000n\000.\000c\000p\000p}{chapter.6}% 27
\BOOKMARK [1][-]{section.6.7}{\376\377\0006\000.\0007\000\040\000S\000o\000u\000r\000c\000e\000/\000C\000h\000a\000r\000a\000c\000t\000e\000r\000.\000c\000p\000p\000\040\000F\000i\000l\000e\000\040\000R\000e\000f\000e\000r\000e\000n\000c\000e}{chapter.6}% 28
\BOOKMARK [2][-]{subsection.6.7.1}{\376\377\0006\000.\0007\000.\0001\000\040\000F\000u\000n\000c\000t\000i\000o\000n\000\040\000D\000o\000c\000u\000m\000e\000n\000t\000a\000t\000i\000o\000n}{section.6.7}% 29
\BOOKMARK [3][-]{subsubsection.6.7.1.1}{\376\377\0006\000.\0007\000.\0001\000.\0001\000\040\000g\000e\000t\000S\000i\000z\000e\000F\000r\000a\000m\000e\000\050\000\051}{subsection.6.7.1}% 30
\BOOKMARK [3][-]{subsubsection.6.7.1.2}{\376\377\0006\000.\0007\000.\0001\000.\0002\000\040\000s\000e\000t\000T\000y\000p\000e\000\050\000\051}{subsection.6.7.1}% 31
\BOOKMARK [3][-]{subsubsection.6.7.1.3}{\376\377\0006\000.\0007\000.\0001\000.\0003\000\040\000t\000o\000T\000e\000x\000t\000u\000r\000e\000I\000D\000D\000e\000a\000t\000h\000\050\000\051}{subsection.6.7.1}% 32
\BOOKMARK [3][-]{subsubsection.6.7.1.4}{\376\377\0006\000.\0007\000.\0001\000.\0004\000\040\000t\000o\000T\000e\000x\000t\000u\000r\000e\000I\000D\000M\000o\000v\000i\000n\000g\000\050\000\051}{subsection.6.7.1}% 33
\BOOKMARK [1][-]{section.6.8}{\376\377\0006\000.\0008\000\040\000C\000h\000a\000r\000a\000c\000t\000e\000r\000.\000c\000p\000p}{chapter.6}% 34
\BOOKMARK [1][-]{section.6.9}{\376\377\0006\000.\0009\000\040\000S\000o\000u\000r\000c\000e\000/\000C\000h\000a\000r\000a\000c\000t\000e\000r\000S\000t\000a\000t\000e\000.\000c\000p\000p\000\040\000F\000i\000l\000e\000\040\000R\000e\000f\000e\000r\000e\000n\000c\000e}{chapter.6}% 35
\BOOKMARK [2][-]{subsection.6.9.1}{\376\377\0006\000.\0009\000.\0001\000\040\000F\000u\000n\000c\000t\000i\000o\000n\000\040\000D\000o\000c\000u\000m\000e\000n\000t\000a\000t\000i\000o\000n}{section.6.9}% 36
\BOOKMARK [3][-]{subsubsection.6.9.1.1}{\376\377\0006\000.\0009\000.\0001\000.\0001\000\040\000s\000e\000t\000T\000y\000p\000e\000C\000h\000a\000\050\000\051}{subsection.6.9.1}% 37
\BOOKMARK [2][-]{subsection.6.9.2}{\376\377\0006\000.\0009\000.\0002\000\040\000V\000a\000r\000i\000a\000b\000l\000e\000\040\000D\000o\000c\000u\000m\000e\000n\000t\000a\000t\000i\000o\000n}{section.6.9}% 38
\BOOKMARK [3][-]{subsubsection.6.9.2.1}{\376\377\0006\000.\0009\000.\0002\000.\0001\000\040\000t\000y\000p\000e\000C\000h\000a\000r\000a\000c\000t\000e\000r}{subsection.6.9.2}% 39
\BOOKMARK [1][-]{section.6.10}{\376\377\0006\000.\0001\0000\000\040\000C\000h\000a\000r\000a\000c\000t\000e\000r\000S\000t\000a\000t\000e\000.\000c\000p\000p}{chapter.6}% 40
\BOOKMARK [1][-]{section.6.11}{\376\377\0006\000.\0001\0001\000\040\000S\000o\000u\000r\000c\000e\000/\000C\000o\000m\000m\000a\000n\000d\000.\000c\000p\000p\000\040\000F\000i\000l\000e\000\040\000R\000e\000f\000e\000r\000e\000n\000c\000e}{chapter.6}% 41
\BOOKMARK [1][-]{section.6.12}{\376\377\0006\000.\0001\0002\000\040\000C\000o\000m\000m\000a\000n\000d\000.\000c\000p\000p}{chapter.6}% 42
\BOOKMARK [1][-]{section.6.13}{\376\377\0006\000.\0001\0003\000\040\000S\000o\000u\000r\000c\000e\000/\000C\000o\000m\000m\000a\000n\000d\000Q\000u\000e\000u\000e\000.\000c\000p\000p\000\040\000F\000i\000l\000e\000\040\000R\000e\000f\000e\000r\000e\000n\000c\000e}{chapter.6}% 43
\BOOKMARK [1][-]{section.6.14}{\376\377\0006\000.\0001\0004\000\040\000C\000o\000m\000m\000a\000n\000d\000Q\000u\000e\000u\000e\000.\000c\000p\000p}{chapter.6}% 44
\BOOKMARK [1][-]{section.6.15}{\376\377\0006\000.\0001\0005\000\040\000S\000o\000u\000r\000c\000e\000/\000C\000o\000m\000p\000o\000n\000e\000n\000t\000.\000c\000p\000p\000\040\000F\000i\000l\000e\000\040\000R\000e\000f\000e\000r\000e\000n\000c\000e}{chapter.6}% 45
\BOOKMARK [1][-]{section.6.16}{\376\377\0006\000.\0001\0006\000\040\000C\000o\000m\000p\000o\000n\000e\000n\000t\000.\000c\000p\000p}{chapter.6}% 46
\BOOKMARK [1][-]{section.6.17}{\376\377\0006\000.\0001\0007\000\040\000S\000o\000u\000r\000c\000e\000/\000C\000o\000n\000t\000a\000i\000n\000e\000r\000.\000c\000p\000p\000\040\000F\000i\000l\000e\000\040\000R\000e\000f\000e\000r\000e\000n\000c\000e}{chapter.6}% 47
\BOOKMARK [1][-]{section.6.18}{\376\377\0006\000.\0001\0008\000\040\000C\000o\000n\000t\000a\000i\000n\000e\000r\000.\000c\000p\000p}{chapter.6}% 48
\BOOKMARK [1][-]{section.6.19}{\376\377\0006\000.\0001\0009\000\040\000S\000o\000u\000r\000c\000e\000/\000C\000o\000u\000n\000t\000D\000o\000w\000n\000S\000t\000a\000t\000e\000.\000c\000p\000p\000\040\000F\000i\000l\000e\000\040\000R\000e\000f\000e\000r\000e\000n\000c\000e}{chapter.6}% 49
\BOOKMARK [1][-]{section.6.20}{\376\377\0006\000.\0002\0000\000\040\000C\000o\000u\000n\000t\000D\000o\000w\000n\000S\000t\000a\000t\000e\000.\000c\000p\000p}{chapter.6}% 50
\BOOKMARK [1][-]{section.6.21}{\376\377\0006\000.\0002\0001\000\040\000S\000o\000u\000r\000c\000e\000/\000C\000r\000e\000d\000i\000t\000S\000t\000a\000t\000e\000.\000c\000p\000p\000\040\000F\000i\000l\000e\000\040\000R\000e\000f\000e\000r\000e\000n\000c\000e}{chapter.6}% 51
\BOOKMARK [1][-]{section.6.22}{\376\377\0006\000.\0002\0002\000\040\000C\000r\000e\000d\000i\000t\000S\000t\000a\000t\000e\000.\000c\000p\000p}{chapter.6}% 52
\BOOKMARK [1][-]{section.6.23}{\376\377\0006\000.\0002\0003\000\040\000S\000o\000u\000r\000c\000e\000/\000D\000a\000t\000a\000T\000a\000b\000l\000e\000s\000.\000c\000p\000p\000\040\000F\000i\000l\000e\000\040\000R\000e\000f\000e\000r\000e\000n\000c\000e}{chapter.6}% 53
\BOOKMARK [2][-]{subsection.6.23.1}{\376\377\0006\000.\0002\0003\000.\0001\000\040\000F\000u\000n\000c\000t\000i\000o\000n\000\040\000D\000o\000c\000u\000m\000e\000n\000t\000a\000t\000i\000o\000n}{section.6.23}% 54
\BOOKMARK [3][-]{subsubsection.6.23.1.1}{\376\377\0006\000.\0002\0003\000.\0001\000.\0001\000\040\000i\000n\000i\000t\000i\000a\000l\000i\000z\000e\000O\000b\000s\000t\000a\000c\000l\000e\000D\000a\000t\000a\000\050\000\051}{subsection.6.23.1}% 55
\BOOKMARK [1][-]{section.6.24}{\376\377\0006\000.\0002\0004\000\040\000D\000a\000t\000a\000T\000a\000b\000l\000e\000s\000.\000c\000p\000p}{chapter.6}% 56
\BOOKMARK [1][-]{section.6.25}{\376\377\0006\000.\0002\0005\000\040\000S\000o\000u\000r\000c\000e\000/\000E\000n\000t\000i\000t\000y\000.\000c\000p\000p\000\040\000F\000i\000l\000e\000\040\000R\000e\000f\000e\000r\000e\000n\000c\000e}{chapter.6}% 57
\BOOKMARK [1][-]{section.6.26}{\376\377\0006\000.\0002\0006\000\040\000E\000n\000t\000i\000t\000y\000.\000c\000p\000p}{chapter.6}% 58
\BOOKMARK [1][-]{section.6.27}{\376\377\0006\000.\0002\0007\000\040\000S\000o\000u\000r\000c\000e\000/\000G\000a\000m\000e\000L\000e\000v\000e\000l\000.\000c\000p\000p\000\040\000F\000i\000l\000e\000\040\000R\000e\000f\000e\000r\000e\000n\000c\000e}{chapter.6}% 59
\BOOKMARK [2][-]{subsection.6.27.1}{\376\377\0006\000.\0002\0007\000.\0001\000\040\000V\000a\000r\000i\000a\000b\000l\000e\000\040\000D\000o\000c\000u\000m\000e\000n\000t\000a\000t\000i\000o\000n}{section.6.27}% 60
\BOOKMARK [3][-]{subsubsection.6.27.1.1}{\376\377\0006\000.\0002\0007\000.\0001\000.\0001\000\040\000g\000a\000m\000e\000L\000e\000v\000e\000l}{subsection.6.27.1}% 61
\BOOKMARK [1][-]{section.6.28}{\376\377\0006\000.\0002\0008\000\040\000G\000a\000m\000e\000L\000e\000v\000e\000l\000.\000c\000p\000p}{chapter.6}% 62
\BOOKMARK [1][-]{section.6.29}{\376\377\0006\000.\0002\0009\000\040\000S\000o\000u\000r\000c\000e\000/\000G\000a\000m\000e\000O\000b\000j\000e\000c\000t\000.\000c\000p\000p\000\040\000F\000i\000l\000e\000\040\000R\000e\000f\000e\000r\000e\000n\000c\000e}{chapter.6}% 63
\BOOKMARK [1][-]{section.6.30}{\376\377\0006\000.\0003\0000\000\040\000G\000a\000m\000e\000O\000b\000j\000e\000c\000t\000.\000c\000p\000p}{chapter.6}% 64
\BOOKMARK [1][-]{section.6.31}{\376\377\0006\000.\0003\0001\000\040\000S\000o\000u\000r\000c\000e\000/\000G\000a\000m\000e\000O\000v\000e\000r\000S\000t\000a\000t\000e\000.\000c\000p\000p\000\040\000F\000i\000l\000e\000\040\000R\000e\000f\000e\000r\000e\000n\000c\000e}{chapter.6}% 65
\BOOKMARK [1][-]{section.6.32}{\376\377\0006\000.\0003\0002\000\040\000G\000a\000m\000e\000O\000v\000e\000r\000S\000t\000a\000t\000e\000.\000c\000p\000p}{chapter.6}% 66
\BOOKMARK [1][-]{section.6.33}{\376\377\0006\000.\0003\0003\000\040\000S\000o\000u\000r\000c\000e\000/\000G\000a\000m\000e\000S\000t\000a\000t\000e\000.\000c\000p\000p\000\040\000F\000i\000l\000e\000\040\000R\000e\000f\000e\000r\000e\000n\000c\000e}{chapter.6}% 67
\BOOKMARK [1][-]{section.6.34}{\376\377\0006\000.\0003\0004\000\040\000G\000a\000m\000e\000S\000t\000a\000t\000e\000.\000c\000p\000p}{chapter.6}% 68
\BOOKMARK [1][-]{section.6.35}{\376\377\0006\000.\0003\0005\000\040\000S\000o\000u\000r\000c\000e\000/\000H\000i\000g\000h\000S\000c\000o\000r\000e\000S\000t\000a\000t\000e\000.\000c\000p\000p\000\040\000F\000i\000l\000e\000\040\000R\000e\000f\000e\000r\000e\000n\000c\000e}{chapter.6}% 69
\BOOKMARK [2][-]{subsection.6.35.1}{\376\377\0006\000.\0003\0005\000.\0001\000\040\000F\000u\000n\000c\000t\000i\000o\000n\000\040\000D\000o\000c\000u\000m\000e\000n\000t\000a\000t\000i\000o\000n}{section.6.35}% 70
\BOOKMARK [3][-]{subsubsection.6.35.1.1}{\376\377\0006\000.\0003\0005\000.\0001\000.\0001\000\040\000M\000a\000p\000I\000D\0002\000N\000a\000m\000e\000\050\000\051}{subsection.6.35.1}% 71
\BOOKMARK [1][-]{section.6.36}{\376\377\0006\000.\0003\0006\000\040\000H\000i\000g\000h\000S\000c\000o\000r\000e\000S\000t\000a\000t\000e\000.\000c\000p\000p}{chapter.6}% 72
\BOOKMARK [1][-]{section.6.37}{\376\377\0006\000.\0003\0007\000\040\000S\000o\000u\000r\000c\000e\000/\000L\000a\000b\000e\000l\000.\000c\000p\000p\000\040\000F\000i\000l\000e\000\040\000R\000e\000f\000e\000r\000e\000n\000c\000e}{chapter.6}% 73
\BOOKMARK [1][-]{section.6.38}{\376\377\0006\000.\0003\0008\000\040\000L\000a\000b\000e\000l\000.\000c\000p\000p}{chapter.6}% 74
\BOOKMARK [1][-]{section.6.39}{\376\377\0006\000.\0003\0009\000\040\000S\000o\000u\000r\000c\000e\000/\000L\000o\000a\000d\000i\000n\000g\000S\000t\000a\000t\000e\000.\000c\000p\000p\000\040\000F\000i\000l\000e\000\040\000R\000e\000f\000e\000r\000e\000n\000c\000e}{chapter.6}% 75
\BOOKMARK [1][-]{section.6.40}{\376\377\0006\000.\0004\0000\000\040\000L\000o\000a\000d\000i\000n\000g\000S\000t\000a\000t\000e\000.\000c\000p\000p}{chapter.6}% 76
\BOOKMARK [1][-]{section.6.41}{\376\377\0006\000.\0004\0001\000\040\000S\000o\000u\000r\000c\000e\000/\000M\000a\000i\000n\000.\000c\000p\000p\000\040\000F\000i\000l\000e\000\040\000R\000e\000f\000e\000r\000e\000n\000c\000e}{chapter.6}% 77
\BOOKMARK [2][-]{subsection.6.41.1}{\376\377\0006\000.\0004\0001\000.\0001\000\040\000F\000u\000n\000c\000t\000i\000o\000n\000\040\000D\000o\000c\000u\000m\000e\000n\000t\000a\000t\000i\000o\000n}{section.6.41}% 78
\BOOKMARK [3][-]{subsubsection.6.41.1.1}{\376\377\0006\000.\0004\0001\000.\0001\000.\0001\000\040\000m\000a\000i\000n\000\050\000\051}{subsection.6.41.1}% 79
\BOOKMARK [1][-]{section.6.42}{\376\377\0006\000.\0004\0002\000\040\000M\000a\000i\000n\000.\000c\000p\000p}{chapter.6}% 80
\BOOKMARK [1][-]{section.6.43}{\376\377\0006\000.\0004\0003\000\040\000S\000o\000u\000r\000c\000e\000/\000M\000a\000p\000S\000t\000a\000t\000e\000.\000c\000p\000p\000\040\000F\000i\000l\000e\000\040\000R\000e\000f\000e\000r\000e\000n\000c\000e}{chapter.6}% 81
\BOOKMARK [2][-]{subsection.6.43.1}{\376\377\0006\000.\0004\0003\000.\0001\000\040\000F\000u\000n\000c\000t\000i\000o\000n\000\040\000D\000o\000c\000u\000m\000e\000n\000t\000a\000t\000i\000o\000n}{section.6.43}% 82
\BOOKMARK [3][-]{subsubsection.6.43.1.1}{\376\377\0006\000.\0004\0003\000.\0001\000.\0001\000\040\000s\000e\000t\000T\000y\000p\000e\000M\000a\000p\000\050\000\051}{subsection.6.43.1}% 83
\BOOKMARK [2][-]{subsection.6.43.2}{\376\377\0006\000.\0004\0003\000.\0002\000\040\000V\000a\000r\000i\000a\000b\000l\000e\000\040\000D\000o\000c\000u\000m\000e\000n\000t\000a\000t\000i\000o\000n}{section.6.43}% 84
\BOOKMARK [3][-]{subsubsection.6.43.2.1}{\376\377\0006\000.\0004\0003\000.\0002\000.\0001\000\040\000t\000y\000p\000e\000O\000f\000M\000a\000p}{subsection.6.43.2}% 85
\BOOKMARK [1][-]{section.6.44}{\376\377\0006\000.\0004\0004\000\040\000M\000a\000p\000S\000t\000a\000t\000e\000.\000c\000p\000p}{chapter.6}% 86
\BOOKMARK [1][-]{section.6.45}{\376\377\0006\000.\0004\0005\000\040\000S\000o\000u\000r\000c\000e\000/\000M\000e\000n\000u\000S\000t\000a\000t\000e\000.\000c\000p\000p\000\040\000F\000i\000l\000e\000\040\000R\000e\000f\000e\000r\000e\000n\000c\000e}{chapter.6}% 87
\BOOKMARK [1][-]{section.6.46}{\376\377\0006\000.\0004\0006\000\040\000M\000e\000n\000u\000S\000t\000a\000t\000e\000.\000c\000p\000p}{chapter.6}% 88
\BOOKMARK [1][-]{section.6.47}{\376\377\0006\000.\0004\0007\000\040\000S\000o\000u\000r\000c\000e\000/\000M\000o\000v\000i\000n\000g\000O\000b\000j\000e\000c\000t\000.\000c\000p\000p\000\040\000F\000i\000l\000e\000\040\000R\000e\000f\000e\000r\000e\000n\000c\000e}{chapter.6}% 89
\BOOKMARK [1][-]{section.6.48}{\376\377\0006\000.\0004\0008\000\040\000M\000o\000v\000i\000n\000g\000O\000b\000j\000e\000c\000t\000.\000c\000p\000p}{chapter.6}% 90
\BOOKMARK [1][-]{section.6.49}{\376\377\0006\000.\0004\0009\000\040\000S\000o\000u\000r\000c\000e\000/\000M\000u\000s\000i\000c\000P\000l\000a\000y\000e\000r\000.\000c\000p\000p\000\040\000F\000i\000l\000e\000\040\000R\000e\000f\000e\000r\000e\000n\000c\000e}{chapter.6}% 91
\BOOKMARK [1][-]{section.6.50}{\376\377\0006\000.\0005\0000\000\040\000M\000u\000s\000i\000c\000P\000l\000a\000y\000e\000r\000.\000c\000p\000p}{chapter.6}% 92
\BOOKMARK [1][-]{section.6.51}{\376\377\0006\000.\0005\0001\000\040\000S\000o\000u\000r\000c\000e\000/\000O\000b\000s\000t\000a\000c\000l\000e\000M\000a\000n\000a\000g\000e\000m\000e\000n\000t\000.\000c\000p\000p\000\040\000F\000i\000l\000e\000\040\000R\000e\000f\000e\000r\000e\000n\000c\000e}{chapter.6}% 93
\BOOKMARK [2][-]{subsection.6.51.1}{\376\377\0006\000.\0005\0001\000.\0001\000\040\000F\000u\000n\000c\000t\000i\000o\000n\000\040\000D\000o\000c\000u\000m\000e\000n\000t\000a\000t\000i\000o\000n}{section.6.51}% 94
\BOOKMARK [3][-]{subsubsection.6.51.1.1}{\376\377\0006\000.\0005\0001\000.\0001\000.\0001\000\040\000t\000o\000T\000e\000x\000t\000u\000r\000e\000I\000D\000\050\000\051}{subsection.6.51.1}% 95
\BOOKMARK [1][-]{section.6.52}{\376\377\0006\000.\0005\0002\000\040\000O\000b\000s\000t\000a\000c\000l\000e\000M\000a\000n\000a\000g\000e\000m\000e\000n\000t\000.\000c\000p\000p}{chapter.6}% 96
\BOOKMARK [1][-]{section.6.53}{\376\377\0006\000.\0005\0003\000\040\000S\000o\000u\000r\000c\000e\000/\000P\000a\000r\000a\000l\000l\000e\000l\000T\000a\000s\000k\000.\000c\000p\000p\000\040\000F\000i\000l\000e\000\040\000R\000e\000f\000e\000r\000e\000n\000c\000e}{chapter.6}% 97
\BOOKMARK [1][-]{section.6.54}{\376\377\0006\000.\0005\0004\000\040\000P\000a\000r\000a\000l\000l\000e\000l\000T\000a\000s\000k\000.\000c\000p\000p}{chapter.6}% 98
\BOOKMARK [1][-]{section.6.55}{\376\377\0006\000.\0005\0005\000\040\000S\000o\000u\000r\000c\000e\000/\000P\000a\000u\000s\000e\000S\000t\000a\000t\000e\000.\000c\000p\000p\000\040\000F\000i\000l\000e\000\040\000R\000e\000f\000e\000r\000e\000n\000c\000e}{chapter.6}% 99
\BOOKMARK [1][-]{section.6.56}{\376\377\0006\000.\0005\0006\000\040\000P\000a\000u\000s\000e\000S\000t\000a\000t\000e\000.\000c\000p\000p}{chapter.6}% 100
\BOOKMARK [1][-]{section.6.57}{\376\377\0006\000.\0005\0007\000\040\000S\000o\000u\000r\000c\000e\000/\000P\000l\000a\000y\000e\000r\000.\000c\000p\000p\000\040\000F\000i\000l\000e\000\040\000R\000e\000f\000e\000r\000e\000n\000c\000e}{chapter.6}% 101
\BOOKMARK [1][-]{section.6.58}{\376\377\0006\000.\0005\0008\000\040\000P\000l\000a\000y\000e\000r\000.\000c\000p\000p}{chapter.6}% 102
\BOOKMARK [1][-]{section.6.59}{\376\377\0006\000.\0005\0009\000\040\000S\000o\000u\000r\000c\000e\000/\000S\000a\000v\000i\000n\000g\000S\000t\000a\000t\000e\000.\000c\000p\000p\000\040\000F\000i\000l\000e\000\040\000R\000e\000f\000e\000r\000e\000n\000c\000e}{chapter.6}% 103
\BOOKMARK [1][-]{section.6.60}{\376\377\0006\000.\0006\0000\000\040\000S\000a\000v\000i\000n\000g\000S\000t\000a\000t\000e\000.\000c\000p\000p}{chapter.6}% 104
\BOOKMARK [1][-]{section.6.61}{\376\377\0006\000.\0006\0001\000\040\000S\000o\000u\000r\000c\000e\000/\000S\000c\000e\000n\000e\000N\000o\000d\000e\000.\000c\000p\000p\000\040\000F\000i\000l\000e\000\040\000R\000e\000f\000e\000r\000e\000n\000c\000e}{chapter.6}% 105
\BOOKMARK [1][-]{section.6.62}{\376\377\0006\000.\0006\0002\000\040\000S\000c\000e\000n\000e\000N\000o\000d\000e\000.\000c\000p\000p}{chapter.6}% 106
\BOOKMARK [1][-]{section.6.63}{\376\377\0006\000.\0006\0003\000\040\000S\000o\000u\000r\000c\000e\000/\000S\000e\000t\000t\000i\000n\000g\000S\000t\000a\000t\000e\000.\000c\000p\000p\000\040\000F\000i\000l\000e\000\040\000R\000e\000f\000e\000r\000e\000n\000c\000e}{chapter.6}% 107
\BOOKMARK [1][-]{section.6.64}{\376\377\0006\000.\0006\0004\000\040\000S\000e\000t\000t\000i\000n\000g\000S\000t\000a\000t\000e\000.\000c\000p\000p}{chapter.6}% 108
\BOOKMARK [1][-]{section.6.65}{\376\377\0006\000.\0006\0005\000\040\000S\000o\000u\000r\000c\000e\000/\000S\000o\000u\000n\000d\000P\000l\000a\000y\000e\000r\000.\000c\000p\000p\000\040\000F\000i\000l\000e\000\040\000R\000e\000f\000e\000r\000e\000n\000c\000e}{chapter.6}% 109
\BOOKMARK [1][-]{section.6.66}{\376\377\0006\000.\0006\0006\000\040\000S\000o\000u\000n\000d\000P\000l\000a\000y\000e\000r\000.\000c\000p\000p}{chapter.6}% 110
\BOOKMARK [1][-]{section.6.67}{\376\377\0006\000.\0006\0007\000\040\000S\000o\000u\000r\000c\000e\000/\000S\000p\000r\000i\000t\000e\000N\000o\000d\000e\000.\000c\000p\000p\000\040\000F\000i\000l\000e\000\040\000R\000e\000f\000e\000r\000e\000n\000c\000e}{chapter.6}% 111
\BOOKMARK [1][-]{section.6.68}{\376\377\0006\000.\0006\0008\000\040\000S\000p\000r\000i\000t\000e\000N\000o\000d\000e\000.\000c\000p\000p}{chapter.6}% 112
\BOOKMARK [1][-]{section.6.69}{\376\377\0006\000.\0006\0009\000\040\000S\000o\000u\000r\000c\000e\000/\000S\000t\000a\000t\000e\000.\000c\000p\000p\000\040\000F\000i\000l\000e\000\040\000R\000e\000f\000e\000r\000e\000n\000c\000e}{chapter.6}% 113
\BOOKMARK [1][-]{section.6.70}{\376\377\0006\000.\0007\0000\000\040\000S\000t\000a\000t\000e\000.\000c\000p\000p}{chapter.6}% 114
\BOOKMARK [1][-]{section.6.71}{\376\377\0006\000.\0007\0001\000\040\000S\000o\000u\000r\000c\000e\000/\000S\000t\000a\000t\000e\000S\000t\000a\000c\000k\000.\000c\000p\000p\000\040\000F\000i\000l\000e\000\040\000R\000e\000f\000e\000r\000e\000n\000c\000e}{chapter.6}% 115
\BOOKMARK [1][-]{section.6.72}{\376\377\0006\000.\0007\0002\000\040\000S\000t\000a\000t\000e\000S\000t\000a\000c\000k\000.\000c\000p\000p}{chapter.6}% 116
\BOOKMARK [1][-]{section.6.73}{\376\377\0006\000.\0007\0003\000\040\000S\000o\000u\000r\000c\000e\000/\000T\000e\000x\000t\000u\000r\000e\000H\000o\000l\000d\000e\000r\000.\000c\000p\000p\000\040\000F\000i\000l\000e\000\040\000R\000e\000f\000e\000r\000e\000n\000c\000e}{chapter.6}% 117
\BOOKMARK [1][-]{section.6.74}{\376\377\0006\000.\0007\0004\000\040\000T\000e\000x\000t\000u\000r\000e\000H\000o\000l\000d\000e\000r\000.\000c\000p\000p}{chapter.6}% 118
\BOOKMARK [1][-]{section.6.75}{\376\377\0006\000.\0007\0005\000\040\000S\000o\000u\000r\000c\000e\000/\000T\000i\000l\000e\000M\000a\000n\000a\000g\000e\000m\000e\000n\000t\000.\000c\000p\000p\000\040\000F\000i\000l\000e\000\040\000R\000e\000f\000e\000r\000e\000n\000c\000e}{chapter.6}% 119
\BOOKMARK [2][-]{subsection.6.75.1}{\376\377\0006\000.\0007\0005\000.\0001\000\040\000F\000u\000n\000c\000t\000i\000o\000n\000\040\000D\000o\000c\000u\000m\000e\000n\000t\000a\000t\000i\000o\000n}{section.6.75}% 120
\BOOKMARK [3][-]{subsubsection.6.75.1.1}{\376\377\0006\000.\0007\0005\000.\0001\000.\0001\000\040\000t\000o\000T\000e\000x\000t\000u\000r\000e\000I\000D\000\050\000\051}{subsection.6.75.1}% 121
\BOOKMARK [1][-]{section.6.76}{\376\377\0006\000.\0007\0006\000\040\000T\000i\000l\000e\000M\000a\000n\000a\000g\000e\000m\000e\000n\000t\000.\000c\000p\000p}{chapter.6}% 122
\BOOKMARK [1][-]{section.6.77}{\376\377\0006\000.\0007\0007\000\040\000S\000o\000u\000r\000c\000e\000/\000T\000i\000t\000l\000e\000S\000t\000a\000t\000e\000.\000c\000p\000p\000\040\000F\000i\000l\000e\000\040\000R\000e\000f\000e\000r\000e\000n\000c\000e}{chapter.6}% 123
\BOOKMARK [1][-]{section.6.78}{\376\377\0006\000.\0007\0008\000\040\000T\000i\000t\000l\000e\000S\000t\000a\000t\000e\000.\000c\000p\000p}{chapter.6}% 124
\BOOKMARK [1][-]{section.6.79}{\376\377\0006\000.\0007\0009\000\040\000S\000o\000u\000r\000c\000e\000/\000U\000t\000i\000l\000i\000t\000y\000.\000c\000p\000p\000\040\000F\000i\000l\000e\000\040\000R\000e\000f\000e\000r\000e\000n\000c\000e}{chapter.6}% 125
\BOOKMARK [2][-]{subsection.6.79.1}{\376\377\0006\000.\0007\0009\000.\0001\000\040\000F\000u\000n\000c\000t\000i\000o\000n\000\040\000D\000o\000c\000u\000m\000e\000n\000t\000a\000t\000i\000o\000n}{section.6.79}% 126
\BOOKMARK [3][-]{subsubsection.6.79.1.1}{\376\377\0006\000.\0007\0009\000.\0001\000.\0001\000\040\000c\000e\000n\000t\000e\000r\000O\000r\000i\000g\000i\000n\000\050\000\051\000\040\000[\0001\000/\0002\000]}{subsection.6.79.1}% 127
\BOOKMARK [3][-]{subsubsection.6.79.1.2}{\376\377\0006\000.\0007\0009\000.\0001\000.\0002\000\040\000c\000e\000n\000t\000e\000r\000O\000r\000i\000g\000i\000n\000\050\000\051\000\040\000[\0002\000/\0002\000]}{subsection.6.79.1}% 128
\BOOKMARK [3][-]{subsubsection.6.79.1.3}{\376\377\0006\000.\0007\0009\000.\0001\000.\0003\000\040\000R\000a\000n\000d\000\050\000\051\000\040\000[\0001\000/\0002\000]}{subsection.6.79.1}% 129
\BOOKMARK [3][-]{subsubsection.6.79.1.4}{\376\377\0006\000.\0007\0009\000.\0001\000.\0004\000\040\000R\000a\000n\000d\000\050\000\051\000\040\000[\0002\000/\0002\000]}{subsection.6.79.1}% 130
\BOOKMARK [3][-]{subsubsection.6.79.1.5}{\376\377\0006\000.\0007\0009\000.\0001\000.\0005\000\040\000t\000o\000D\000e\000g\000r\000e\000e\000\050\000\051}{subsection.6.79.1}% 131
\BOOKMARK [3][-]{subsubsection.6.79.1.6}{\376\377\0006\000.\0007\0009\000.\0001\000.\0006\000\040\000t\000o\000R\000a\000d\000i\000a\000n\000\050\000\051}{subsection.6.79.1}% 132
\BOOKMARK [1][-]{section.6.80}{\376\377\0006\000.\0008\0000\000\040\000U\000t\000i\000l\000i\000t\000y\000.\000c\000p\000p}{chapter.6}% 133
\BOOKMARK [1][-]{section.6.81}{\376\377\0006\000.\0008\0001\000\040\000S\000o\000u\000r\000c\000e\000/\000W\000o\000r\000l\000d\000.\000c\000p\000p\000\040\000F\000i\000l\000e\000\040\000R\000e\000f\000e\000r\000e\000n\000c\000e}{chapter.6}% 134
\BOOKMARK [2][-]{subsection.6.81.1}{\376\377\0006\000.\0008\0001\000.\0001\000\040\000F\000u\000n\000c\000t\000i\000o\000n\000\040\000D\000o\000c\000u\000m\000e\000n\000t\000a\000t\000i\000o\000n}{section.6.81}% 135
\BOOKMARK [3][-]{subsubsection.6.81.1.1}{\376\377\0006\000.\0008\0001\000.\0001\000.\0001\000\040\000I\000D\000t\000o\000S\000t\000r\000i\000n\000g\000\050\000\051}{subsection.6.81.1}% 136
\BOOKMARK [3][-]{subsubsection.6.81.1.2}{\376\377\0006\000.\0008\0001\000.\0001\000.\0002\000\040\000m\000a\000t\000c\000h\000e\000s\000C\000a\000t\000e\000g\000o\000r\000i\000e\000s\000\050\000\051}{subsection.6.81.1}% 137
\BOOKMARK [3][-]{subsubsection.6.81.1.3}{\376\377\0006\000.\0008\0001\000.\0001\000.\0003\000\040\000s\000e\000t\000A\000n\000i\000m\000a\000t\000i\000o\000n\000\050\000\051}{subsection.6.81.1}% 138
\BOOKMARK [1][-]{section.6.82}{\376\377\0006\000.\0008\0002\000\040\000W\000o\000r\000l\000d\000.\000c\000p\000p}{chapter.6}% 139
\BOOKMARK [0][-]{section*.24}{\376\377\000I\000n\000d\000e\000x}{}% 140
